Using pre-set license
Built from '2020.3/staging' branch; Version is '2020.3.28f1 (f5400f52e03f) revision 16072719'; Using compiler version '192528614'; Build Type 'Release'
OS: 'Windows 11  (10.0.22621) 64bit Core' Language: 'it' Physical Memory: 16107 MB
BatchMode: 1, IsHumanControllingUs: 0, StartBugReporterOnCrash: 0, Is64bit: 1, IsPro: 0

COMMAND LINE ARGUMENTS:
C:\Program Files\Unity\Hub\Editor\2020.3.28f1\Editor\Unity.exe
-adb2
-batchMode
-noUpm
-name
AssetImportWorker0
-projectPath
C:/Users/simon/Desktop/DarkoNinja
-logFile
Logs/AssetImportWorker0.log
-srvPort
65246
Successfully changed project path to: C:/Users/simon/Desktop/DarkoNinja
C:/Users/simon/Desktop/DarkoNinja
Using Asset Import Pipeline V2.
Refreshing native plugins compatible for Editor in 76.65 ms, found 3 plugins.
Preloading 0 native plugins for Editor in 0.00 ms.
Initialize engine version: 2020.3.28f1 (f5400f52e03f)
[Subsystems] Discovering subsystems at path C:/Program Files/Unity/Hub/Editor/2020.3.28f1/Editor/Data/Resources/UnitySubsystems
[Subsystems] Discovering subsystems at path C:/Users/simon/Desktop/DarkoNinja/Assets
GfxDevice: creating device client; threaded=0
Direct3D:
    Version:  Direct3D 11.0 [level 11.1]
    Renderer: Intel(R) Iris(R) Xe Graphics (ID=0x9a49)
    Vendor:   
    VRAM:     8053 MB
    Driver:   30.0.100.9805
Initialize mono
Mono path[0] = 'C:/Program Files/Unity/Hub/Editor/2020.3.28f1/Editor/Data/Managed'
Mono path[1] = 'C:/Program Files/Unity/Hub/Editor/2020.3.28f1/Editor/Data/MonoBleedingEdge/lib/mono/unityjit'
Mono config path = 'C:/Program Files/Unity/Hub/Editor/2020.3.28f1/Editor/Data/MonoBleedingEdge/etc'
Using monoOptions --debugger-agent=transport=dt_socket,embedding=1,server=y,suspend=n,address=127.0.0.1:56096
Begin MonoManager ReloadAssembly
Registering precompiled unity dll's ...
Register platform support module: C:/Program Files/Unity/Hub/Editor/2020.3.28f1/Editor/Data/PlaybackEngines/WindowsStandaloneSupport/UnityEditor.WindowsStandalone.Extensions.dll
Registered in 0.001461 seconds.
Native extension for WindowsStandalone target not found
Refreshing native plugins compatible for Editor in 71.50 ms, found 3 plugins.
Preloading 0 native plugins for Editor in 0.00 ms.
Mono: successfully reloaded assembly
- Completed reload, in  0.604 seconds
Domain Reload Profiling:
	ReloadAssembly (604ms)
		BeginReloadAssembly (60ms)
			ExecutionOrderSort (0ms)
			DisableScriptedObjects (0ms)
			BackupInstance (0ms)
			ReleaseScriptingObjects (0ms)
			CreateAndSetChildDomain (1ms)
		EndReloadAssembly (479ms)
			LoadAssemblies (58ms)
			RebuildTransferFunctionScriptingTraits (0ms)
			SetupTypeCache (124ms)
			ReleaseScriptCaches (0ms)
			RebuildScriptCaches (26ms)
			SetupLoadedEditorAssemblies (183ms)
				LogAssemblyErrors (0ms)
				InitializePlatformSupportModulesInManaged (3ms)
				SetLoadedEditorAssemblies (0ms)
				RefreshPlugins (72ms)
				BeforeProcessingInitializeOnLoad (8ms)
				ProcessInitializeOnLoadAttributes (74ms)
				ProcessInitializeOnLoadMethodAttributes (26ms)
				AfterProcessingInitializeOnLoad (0ms)
				EditorAssembliesLoaded (0ms)
			ExecutionOrderSort2 (0ms)
			AwakeInstancesAfterBackupRestoration (0ms)
Platform modules already initialized, skipping
Registering precompiled user dll's ...
Registered in 0.012759 seconds.
Begin MonoManager ReloadAssembly
Error: Could not load signature of iOSNotificationPostProcessor:ShouldAddSettingToPlist due to: Could not load file or assembly 'UnityEditor.iOS.Extensions.Xcode, Version=1.0.0.0, Culture=neutral, PublicKeyToken=null' or one of its dependencies. assembly:UnityEditor.iOS.Extensions.Xcode, Version=1.0.0.0, Culture=neutral, PublicKeyToken=null type:<unknown type> member:(null) signature:<none>
0x00007ff6aa0fab2c (Unity) StackWalker::GetCurrentCallstack
0x00007ff6aa101f29 (Unity) StackWalker::ShowCallstack
0x00007ff6aae6103c (Unity) GetStacktrace
0x00007ff6ab8ab2a3 (Unity) DebugStringToFile
0x00007ff6a9fec5db (Unity) ScanForAttributesAndInterfaceImplementations
0x00007ff6aa0126b3 (Unity) MonoManager::SetupTypeCache
0x00007ff6aa008be3 (Unity) MonoManager::EndReloadAssembly
0x00007ff6aa010057 (Unity) MonoManager::ReloadAssembly
0x00007ff6aad10e41 (Unity) LoadDomainAndUserAssemblies
0x00007ff6aad114a9 (Unity) LoadUserAssemblies
0x00007ff6aaa15b44 (Unity) Application::InitializeProject
0x00007ff6aae6b4f2 (Unity) WinMain
0x00007ff6ac4fbd4e (Unity) __scrt_common_main_seh
0x00007ffcf3ee26ad (KERNEL32) BaseThreadInitThunk
0x00007ffcf56aa9f8 (ntdll) RtlUserThreadStart

Unloading broken assembly Library/ScriptAssemblies/Unity.Notifications.dll, this assembly can cause crashes in the runtime
0x00007ff6aa0fab2c (Unity) StackWalker::GetCurrentCallstack
0x00007ff6aa101f29 (Unity) StackWalker::ShowCallstack
0x00007ff6aae6103c (Unity) GetStacktrace
0x00007ff6ab8ab2a3 (Unity) DebugStringToFile
0x00007ff6aa011e95 (Unity) MonoManager::SetupLoadedEditorAssemblies
0x00007ff6aa008f71 (Unity) MonoManager::EndReloadAssembly
0x00007ff6aa010057 (Unity) MonoManager::ReloadAssembly
0x00007ff6aad10e41 (Unity) LoadDomainAndUserAssemblies
0x00007ff6aad114a9 (Unity) LoadUserAssemblies
0x00007ff6aaa15b44 (Unity) Application::InitializeProject
0x00007ff6aae6b4f2 (Unity) WinMain
0x00007ff6ac4fbd4e (Unity) __scrt_common_main_seh
0x00007ffcf3ee26ad (KERNEL32) BaseThreadInitThunk
0x00007ffcf56aa9f8 (ntdll) RtlUserThreadStart

Native extension for WindowsStandalone target not found
Refreshing native plugins compatible for Editor in 79.45 ms, found 3 plugins.
Preloading 0 native plugins for Editor in 0.00 ms.
Mono: successfully reloaded assembly
- Completed reload, in  1.361 seconds
Domain Reload Profiling:
	ReloadAssembly (1362ms)
		BeginReloadAssembly (126ms)
			ExecutionOrderSort (0ms)
			DisableScriptedObjects (3ms)
			BackupInstance (0ms)
			ReleaseScriptingObjects (0ms)
			CreateAndSetChildDomain (17ms)
		EndReloadAssembly (1182ms)
			LoadAssemblies (125ms)
			RebuildTransferFunctionScriptingTraits (0ms)
			SetupTypeCache (437ms)
			ReleaseScriptCaches (1ms)
			RebuildScriptCaches (64ms)
			SetupLoadedEditorAssemblies (337ms)
				LogAssemblyErrors (1ms)
				InitializePlatformSupportModulesInManaged (3ms)
				SetLoadedEditorAssemblies (0ms)
				RefreshPlugins (80ms)
				BeforeProcessingInitializeOnLoad (81ms)
				ProcessInitializeOnLoadAttributes (154ms)
				ProcessInitializeOnLoadMethodAttributes (14ms)
				AfterProcessingInitializeOnLoad (4ms)
				EditorAssembliesLoaded (0ms)
			ExecutionOrderSort2 (0ms)
			AwakeInstancesAfterBackupRestoration (7ms)
Platform modules already initialized, skipping
========================================================================
Worker process is ready to serve import requests
Launched and connected shader compiler UnityShaderCompiler.exe after 0.06 seconds
Refreshing native plugins compatible for Editor in 0.96 ms, found 3 plugins.
Preloading 0 native plugins for Editor in 0.00 ms.
Unloading 3466 Unused Serialized files (Serialized files now loaded: 0)
System memory in use before: 146.2 MB.
System memory in use after: 146.4 MB.

Unloading 59 unused Assets to reduce memory usage. Loaded Objects now: 3882.
Total: 3.275200 ms (FindLiveObjects: 0.207800 ms CreateObjectMapping: 0.102500 ms MarkObjects: 2.822300 ms  DeleteObjects: 0.141300 ms)

AssetImportParameters requested are different than current active one (requested -> active):
  custom:framework-win-MediaFoundation: 216162199b28c13a410421893ffa2e32 -> 
  custom:video-decoder-ogg-theora: a1e56fd34408186e4bbccfd4996cb3dc -> 
  custom:container-muxer-webm: aa71ff27fc2769a1b78a27578f13a17b -> 
  custom:container-demuxer-webm: 4f35f7cbe854078d1ac9338744f61a02 -> 
  custom:container-demuxer-ogg: 62fdf1f143b41e24485cea50d1cbac27 -> 
  custom:video-encoder-webm-vp8: eb34c28f22e8b96e1ab97ce403110664 -> 
  custom:video-codec-MediaFoundation-h265: 746d11721c4dcdbdad8f713fa42b33f4 -> 
  custom:video-decoder-webm-vp8: 9c59270c3fd7afecdb556c50c9e8de78 -> 
  custom:audio-decoder-ogg-vorbis: bf7c407c2cedff20999df2af8eb42d56 -> 
  custom:audio-encoder-webm-vorbis: bf7c407c2cedff20999df2af8eb42d56 -> 
========================================================================
Received Import Request.
  path: Assets/StoneUI/Buttons_128x128/button_rock_grey.png
  artifactKey: Guid(24b784d997501b84ba700cfcdd2951f7) Importer(815301076,1909f56bfc062723c751e8b465ee728b)
Start importing Assets/StoneUI/Buttons_128x128/button_rock_grey.png using Guid(24b784d997501b84ba700cfcdd2951f7) Importer(815301076,1909f56bfc062723c751e8b465ee728b)  -> (artifact id: 'f9d54143fe4ec7b25050a735bc9e6010') in 0.344776 seconds 
  Import took 0.350098 seconds .

========================================================================
Received Import Request.
  Time since last request: 0.000366 seconds.
  path: Assets/StoneUI/Buttons_128x128/button_moss_red.png
  artifactKey: Guid(6a35614600a51dc48a56033b6f154452) Importer(815301076,1909f56bfc062723c751e8b465ee728b)
Start importing Assets/StoneUI/Buttons_128x128/button_moss_red.png using Guid(6a35614600a51dc48a56033b6f154452) Importer(815301076,1909f56bfc062723c751e8b465ee728b)  -> (artifact id: '663d2355101a0e9afe0cc4efbcacfafe') in 0.268935 seconds 
  Import took 0.273821 seconds .

========================================================================
Received Import Request.
  Time since last request: 0.000629 seconds.
  path: Assets/StoneUI/Buttons_128x128/button_rock_black.png
  artifactKey: Guid(5dbb9c922aee09040ba86305f36b88c8) Importer(815301076,1909f56bfc062723c751e8b465ee728b)
Start importing Assets/StoneUI/Buttons_128x128/button_rock_black.png using Guid(5dbb9c922aee09040ba86305f36b88c8) Importer(815301076,1909f56bfc062723c751e8b465ee728b)  -> (artifact id: 'dda50dc70fb5c23a6bc9caf8142c544b') in 0.265010 seconds 
  Import took 0.270278 seconds .

========================================================================
Received Import Request.
  Time since last request: 0.000358 seconds.
  path: Assets/StoneUI/Buttons_128x128/button_white.png
  artifactKey: Guid(0eaf9fe6c11160f438c2d72544ae3270) Importer(815301076,1909f56bfc062723c751e8b465ee728b)
Start importing Assets/StoneUI/Buttons_128x128/button_white.png using Guid(0eaf9fe6c11160f438c2d72544ae3270) Importer(815301076,1909f56bfc062723c751e8b465ee728b)  -> (artifact id: '5ac29d019d60f1b23ba03d90bf02a482') in 0.230325 seconds 
  Import took 0.234823 seconds .

========================================================================
Received Import Request.
  Time since last request: 0.000377 seconds.
  path: Assets/StoneUI/Buttons_128x128/button_moss_green.png
  artifactKey: Guid(f760e8c2f86be0a46a16e0a7a5bfe8ed) Importer(815301076,1909f56bfc062723c751e8b465ee728b)
Start importing Assets/StoneUI/Buttons_128x128/button_moss_green.png using Guid(f760e8c2f86be0a46a16e0a7a5bfe8ed) Importer(815301076,1909f56bfc062723c751e8b465ee728b)  -> (artifact id: 'e76ee642dd91050ac39c8dbf0810fb3c') in 0.279225 seconds 
  Import took 0.284786 seconds .

========================================================================
Received Import Request.
  Time since last request: 0.000286 seconds.
  path: Assets/StoneUI/Buttons_128x128/button_moss_purple.png
  artifactKey: Guid(cbe6519b5faf2e44bb0d23f57a9b238e) Importer(815301076,1909f56bfc062723c751e8b465ee728b)
Start importing Assets/StoneUI/Buttons_128x128/button_moss_purple.png using Guid(cbe6519b5faf2e44bb0d23f57a9b238e) Importer(815301076,1909f56bfc062723c751e8b465ee728b)  -> (artifact id: 'ba09acf955c77cbd1d5d6a7ce84e2bf8') in 0.257697 seconds 
  Import took 0.263367 seconds .

========================================================================
Received Import Request.
  Time since last request: 0.000514 seconds.
  path: Assets/StoneUI/Buttons_128x128/button_moss_grey.png
  artifactKey: Guid(fee18a4688275264a81f0881b66a82f5) Importer(815301076,1909f56bfc062723c751e8b465ee728b)
Start importing Assets/StoneUI/Buttons_128x128/button_moss_grey.png using Guid(fee18a4688275264a81f0881b66a82f5) Importer(815301076,1909f56bfc062723c751e8b465ee728b)  -> (artifact id: 'cbfd068e7252f09e3e3215061fa96eef') in 0.233101 seconds 
  Import took 0.238064 seconds .

========================================================================
Received Import Request.
  Time since last request: 0.000420 seconds.
  path: Assets/StoneUI/Buttons_128x128/button_rock_yellow.png
  artifactKey: Guid(cc91064d7dfff474f8c5d4133a2982c4) Importer(815301076,1909f56bfc062723c751e8b465ee728b)
Start importing Assets/StoneUI/Buttons_128x128/button_rock_yellow.png using Guid(cc91064d7dfff474f8c5d4133a2982c4) Importer(815301076,1909f56bfc062723c751e8b465ee728b)  -> (artifact id: 'be2d0def65025ede260d8c889ae5ce27') in 0.258066 seconds 
  Import took 0.263439 seconds .

========================================================================
Received Import Request.
  Time since last request: 0.000338 seconds.
  path: Assets/StoneUI/Buttons_128x128/button_moss_yellow.png
  artifactKey: Guid(5bf49fb08e8d282429049467171af2ee) Importer(815301076,1909f56bfc062723c751e8b465ee728b)
Start importing Assets/StoneUI/Buttons_128x128/button_moss_yellow.png using Guid(5bf49fb08e8d282429049467171af2ee) Importer(815301076,1909f56bfc062723c751e8b465ee728b)  -> (artifact id: 'a1c200169671e98b9290e3ea00552c5d') in 0.256476 seconds 
  Import took 0.261344 seconds .

========================================================================
Received Import Request.
  Time since last request: 0.000377 seconds.
  path: Assets/StoneUI/Buttons_128x128/button_rock_violet.png
  artifactKey: Guid(86d0d9416278f394699854671cc39b9d) Importer(815301076,1909f56bfc062723c751e8b465ee728b)
Start importing Assets/StoneUI/Buttons_128x128/button_rock_violet.png using Guid(86d0d9416278f394699854671cc39b9d) Importer(815301076,1909f56bfc062723c751e8b465ee728b)  -> (artifact id: 'c4fa47f2cf4232ec0fdec6ebe806b94b') in 0.249353 seconds 
  Import took 0.255601 seconds .

========================================================================
Received Import Request.
  Time since last request: 0.000457 seconds.
  path: Assets/StoneUI/Buttons_128x128/button_rock_red.png
  artifactKey: Guid(b34a4da18392a724fb34c3c652dc3895) Importer(815301076,1909f56bfc062723c751e8b465ee728b)
Start importing Assets/StoneUI/Buttons_128x128/button_rock_red.png using Guid(b34a4da18392a724fb34c3c652dc3895) Importer(815301076,1909f56bfc062723c751e8b465ee728b)  -> (artifact id: '0fe9ec33bd91cc1fe168540539aa31b0') in 0.243980 seconds 
  Import took 0.249979 seconds .

========================================================================
Received Import Request.
  Time since last request: 0.000319 seconds.
  path: Assets/StoneUI/Buttons_128x128/button_moss_blue.png
  artifactKey: Guid(75d23c909658dec419a00762106e1e10) Importer(815301076,1909f56bfc062723c751e8b465ee728b)
Start importing Assets/StoneUI/Buttons_128x128/button_moss_blue.png using Guid(75d23c909658dec419a00762106e1e10) Importer(815301076,1909f56bfc062723c751e8b465ee728b)  -> (artifact id: 'e178c8c857e3f62b5628ad942c57cc50') in 0.256693 seconds 
  Import took 0.261333 seconds .

========================================================================
Received Import Request.
  Time since last request: 0.000403 seconds.
  path: Assets/StoneUI/Buttons_128x128
  artifactKey: Guid(593763aa2eb42924a981b3263987e65f) Importer(815301076,1909f56bfc062723c751e8b465ee728b)
Start importing Assets/StoneUI/Buttons_128x128 using Guid(593763aa2eb42924a981b3263987e65f) Importer(815301076,1909f56bfc062723c751e8b465ee728b)  -> (artifact id: '0555cc723d0c6241a7730cdf60a15661') in 0.017115 seconds 
  Import took 0.022432 seconds .

========================================================================
Received Import Request.
  Time since last request: 0.000577 seconds.
  path: Assets/StoneUI/Buttons_128x128/button_rock_blue.png
  artifactKey: Guid(fbef8127a0a451441b915929eb18ff11) Importer(815301076,1909f56bfc062723c751e8b465ee728b)
Start importing Assets/StoneUI/Buttons_128x128/button_rock_blue.png using Guid(fbef8127a0a451441b915929eb18ff11) Importer(815301076,1909f56bfc062723c751e8b465ee728b)  -> (artifact id: '5eb9e2eb93bcbac5b9e1790572d21420') in 0.258091 seconds 
  Import took 0.263941 seconds .

========================================================================
Received Import Request.
  Time since last request: 184.019313 seconds.
  path: Assets/Scenes/Level1.unity
  artifactKey: Guid(2cda990e2423bbf4892e6590ba056729) Importer(815301076,1909f56bfc062723c751e8b465ee728b)
Start importing Assets/Scenes/Level1.unity using Guid(2cda990e2423bbf4892e6590ba056729) Importer(815301076,1909f56bfc062723c751e8b465ee728b)  -> (artifact id: '13839c9ca8d36d354e193f91ffddcb26') in 0.017546 seconds 
  Import took 0.025152 seconds .

========================================================================
Received Prepare
Registering precompiled user dll's ...
Registered in 0.011814 seconds.
Begin MonoManager ReloadAssembly
Error: Could not load signature of iOSNotificationPostProcessor:ShouldAddSettingToPlist due to: Could not load file or assembly 'UnityEditor.iOS.Extensions.Xcode, Version=1.0.0.0, Culture=neutral, PublicKeyToken=null' or one of its dependencies. assembly:UnityEditor.iOS.Extensions.Xcode, Version=1.0.0.0, Culture=neutral, PublicKeyToken=null type:<unknown type> member:(null) signature:<none>
0x00007ff6aa0fab2c (Unity) StackWalker::GetCurrentCallstack
0x00007ff6aa101f29 (Unity) StackWalker::ShowCallstack
0x00007ff6aae6103c (Unity) GetStacktrace
0x00007ff6ab8ab2a3 (Unity) DebugStringToFile
0x00007ff6a9fec5db (Unity) ScanForAttributesAndInterfaceImplementations
0x00007ff6aa0126b3 (Unity) MonoManager::SetupTypeCache
0x00007ff6aa008be3 (Unity) MonoManager::EndReloadAssembly
0x00007ff6aa010057 (Unity) MonoManager::ReloadAssembly
0x00007ff6aad10e41 (Unity) LoadDomainAndUserAssemblies
0x00007ff6aad114a9 (Unity) LoadUserAssemblies
0x00007ff6aaf47118 (Unity) <lambda_b7fd2194c9d98d5c5f8d87939b09ad6c>::operator()
0x00007ff6aafce2f2 (Unity) asio::detail::completion_handler<core::mutable_function<void __cdecl(void)> >::do_complete
0x00007ff6aafd0450 (Unity) asio::detail::win_iocp_io_service::do_one
0x00007ff6aafd3bce (Unity) asio::io_service::run
0x00007ff6aaf6f8db (Unity) RunAssetImportWorkerClientV2
0x00007ff6aaf6f930 (Unity) RunAssetImporterV2
0x00007ff6aaa15b49 (Unity) Application::InitializeProject
0x00007ff6aae6b4f2 (Unity) WinMain
0x00007ff6ac4fbd4e (Unity) __scrt_common_main_seh
0x00007ffcf3ee26ad (KERNEL32) BaseThreadInitThunk
0x00007ffcf56aa9f8 (ntdll) RtlUserThreadStart

Unloading broken assembly Library/ScriptAssemblies/Unity.Notifications.dll, this assembly can cause crashes in the runtime
0x00007ff6aa0fab2c (Unity) StackWalker::GetCurrentCallstack
0x00007ff6aa101f29 (Unity) StackWalker::ShowCallstack
0x00007ff6aae6103c (Unity) GetStacktrace
0x00007ff6ab8ab2a3 (Unity) DebugStringToFile
0x00007ff6aa011e95 (Unity) MonoManager::SetupLoadedEditorAssemblies
0x00007ff6aa008f71 (Unity) MonoManager::EndReloadAssembly
0x00007ff6aa010057 (Unity) MonoManager::ReloadAssembly
0x00007ff6aad10e41 (Unity) LoadDomainAndUserAssemblies
0x00007ff6aad114a9 (Unity) LoadUserAssemblies
0x00007ff6aaf47118 (Unity) <lambda_b7fd2194c9d98d5c5f8d87939b09ad6c>::operator()
0x00007ff6aafce2f2 (Unity) asio::detail::completion_handler<core::mutable_function<void __cdecl(void)> >::do_complete
0x00007ff6aafd0450 (Unity) asio::detail::win_iocp_io_service::do_one
0x00007ff6aafd3bce (Unity) asio::io_service::run
0x00007ff6aaf6f8db (Unity) RunAssetImportWorkerClientV2
0x00007ff6aaf6f930 (Unity) RunAssetImporterV2
0x00007ff6aaa15b49 (Unity) Application::InitializeProject
0x00007ff6aae6b4f2 (Unity) WinMain
0x00007ff6ac4fbd4e (Unity) __scrt_common_main_seh
0x00007ffcf3ee26ad (KERNEL32) BaseThreadInitThunk
0x00007ffcf56aa9f8 (ntdll) RtlUserThreadStart

Native extension for WindowsStandalone target not found
Refreshing native plugins compatible for Editor in 0.76 ms, found 3 plugins.
Preloading 0 native plugins for Editor in 0.00 ms.
Mono: successfully reloaded assembly
- Completed reload, in  1.090 seconds
Domain Reload Profiling:
	ReloadAssembly (1090ms)
		BeginReloadAssembly (130ms)
			ExecutionOrderSort (0ms)
			DisableScriptedObjects (6ms)
			BackupInstance (0ms)
			ReleaseScriptingObjects (0ms)
			CreateAndSetChildDomain (44ms)
		EndReloadAssembly (891ms)
			LoadAssemblies (125ms)
			RebuildTransferFunctionScriptingTraits (0ms)
			SetupTypeCache (317ms)
			ReleaseScriptCaches (1ms)
			RebuildScriptCaches (42ms)
			SetupLoadedEditorAssemblies (320ms)
				LogAssemblyErrors (1ms)
				InitializePlatformSupportModulesInManaged (3ms)
				SetLoadedEditorAssemblies (0ms)
				RefreshPlugins (1ms)
				BeforeProcessingInitializeOnLoad (70ms)
				ProcessInitializeOnLoadAttributes (231ms)
				ProcessInitializeOnLoadMethodAttributes (9ms)
				AfterProcessingInitializeOnLoad (5ms)
				EditorAssembliesLoaded (0ms)
			ExecutionOrderSort2 (0ms)
			AwakeInstancesAfterBackupRestoration (8ms)
Platform modules already initialized, skipping
Switching build target platform(19) subTarget(0) extendedPlatform(0) -> platform(9) subTarget(16777218) extendedPlatform(0)
Refreshing native plugins compatible for Editor in 0.98 ms, found 3 plugins.
Preloading 0 native plugins for Editor in 0.00 ms.
Unloading 3390 Unused Serialized files (Serialized files now loaded: 0)
System memory in use before: 140.3 MB.
System memory in use after: 140.6 MB.

Unloading 48 unused Assets to reduce memory usage. Loaded Objects now: 3891.
Total: 4.760000 ms (FindLiveObjects: 0.204700 ms CreateObjectMapping: 0.090700 ms MarkObjects: 4.420100 ms  DeleteObjects: 0.043000 ms)

AssetImportParameters requested are different than current active one (requested -> active):
  custom:framework-win-MediaFoundation: 216162199b28c13a410421893ffa2e32 -> 
  custom:video-decoder-ogg-theora: a1e56fd34408186e4bbccfd4996cb3dc -> 
  custom:container-muxer-webm: aa71ff27fc2769a1b78a27578f13a17b -> 
  custom:container-demuxer-webm: 4f35f7cbe854078d1ac9338744f61a02 -> 
  custom:container-demuxer-ogg: 62fdf1f143b41e24485cea50d1cbac27 -> 
  custom:video-encoder-webm-vp8: eb34c28f22e8b96e1ab97ce403110664 -> 
  custom:video-codec-MediaFoundation-h265: 746d11721c4dcdbdad8f713fa42b33f4 -> 
  custom:video-decoder-webm-vp8: 9c59270c3fd7afecdb556c50c9e8de78 -> 
  custom:graphics/normal-map-encoding: 01000000000000000000000000000000 -> 02000000000000000000000000000000
  custom:audio-decoder-ogg-vorbis: bf7c407c2cedff20999df2af8eb42d56 -> 
  custom:audio-encoder-webm-vorbis: bf7c407c2cedff20999df2af8eb42d56 -> 
========================================================================
Received Prepare
Registering precompiled user dll's ...
Registered in 0.011451 seconds.
Begin MonoManager ReloadAssembly
Error: Could not load signature of iOSNotificationPostProcessor:ShouldAddSettingToPlist due to: Could not load file or assembly 'UnityEditor.iOS.Extensions.Xcode, Version=1.0.0.0, Culture=neutral, PublicKeyToken=null' or one of its dependencies. assembly:UnityEditor.iOS.Extensions.Xcode, Version=1.0.0.0, Culture=neutral, PublicKeyToken=null type:<unknown type> member:(null) signature:<none>
0x00007ff6aa0fab2c (Unity) StackWalker::GetCurrentCallstack
0x00007ff6aa101f29 (Unity) StackWalker::ShowCallstack
0x00007ff6aae6103c (Unity) GetStacktrace
0x00007ff6ab8ab2a3 (Unity) DebugStringToFile
0x00007ff6a9fec5db (Unity) ScanForAttributesAndInterfaceImplementations
0x00007ff6aa0126b3 (Unity) MonoManager::SetupTypeCache
0x00007ff6aa008be3 (Unity) MonoManager::EndReloadAssembly
0x00007ff6aa010057 (Unity) MonoManager::ReloadAssembly
0x00007ff6aad10e41 (Unity) LoadDomainAndUserAssemblies
0x00007ff6aad114a9 (Unity) LoadUserAssemblies
0x00007ff6aaf47118 (Unity) <lambda_b7fd2194c9d98d5c5f8d87939b09ad6c>::operator()
0x00007ff6aafce2f2 (Unity) asio::detail::completion_handler<core::mutable_function<void __cdecl(void)> >::do_complete
0x00007ff6aafd0450 (Unity) asio::detail::win_iocp_io_service::do_one
0x00007ff6aafd3bce (Unity) asio::io_service::run
0x00007ff6aaf6f8db (Unity) RunAssetImportWorkerClientV2
0x00007ff6aaf6f930 (Unity) RunAssetImporterV2
0x00007ff6aaa15b49 (Unity) Application::InitializeProject
0x00007ff6aae6b4f2 (Unity) WinMain
0x00007ff6ac4fbd4e (Unity) __scrt_common_main_seh
0x00007ffcf3ee26ad (KERNEL32) BaseThreadInitThunk
0x00007ffcf56aa9f8 (ntdll) RtlUserThreadStart

Unloading broken assembly Library/ScriptAssemblies/Unity.Notifications.dll, this assembly can cause crashes in the runtime
0x00007ff6aa0fab2c (Unity) StackWalker::GetCurrentCallstack
0x00007ff6aa101f29 (Unity) StackWalker::ShowCallstack
0x00007ff6aae6103c (Unity) GetStacktrace
0x00007ff6ab8ab2a3 (Unity) DebugStringToFile
0x00007ff6aa011e95 (Unity) MonoManager::SetupLoadedEditorAssemblies
0x00007ff6aa008f71 (Unity) MonoManager::EndReloadAssembly
0x00007ff6aa010057 (Unity) MonoManager::ReloadAssembly
0x00007ff6aad10e41 (Unity) LoadDomainAndUserAssemblies
0x00007ff6aad114a9 (Unity) LoadUserAssemblies
0x00007ff6aaf47118 (Unity) <lambda_b7fd2194c9d98d5c5f8d87939b09ad6c>::operator()
0x00007ff6aafce2f2 (Unity) asio::detail::completion_handler<core::mutable_function<void __cdecl(void)> >::do_complete
0x00007ff6aafd0450 (Unity) asio::detail::win_iocp_io_service::do_one
0x00007ff6aafd3bce (Unity) asio::io_service::run
0x00007ff6aaf6f8db (Unity) RunAssetImportWorkerClientV2
0x00007ff6aaf6f930 (Unity) RunAssetImporterV2
0x00007ff6aaa15b49 (Unity) Application::InitializeProject
0x00007ff6aae6b4f2 (Unity) WinMain
0x00007ff6ac4fbd4e (Unity) __scrt_common_main_seh
0x00007ffcf3ee26ad (KERNEL32) BaseThreadInitThunk
0x00007ffcf56aa9f8 (ntdll) RtlUserThreadStart

Native extension for WindowsStandalone target not found
Refreshing native plugins compatible for Editor in 1.19 ms, found 3 plugins.
Preloading 0 native plugins for Editor in 0.00 ms.
Mono: successfully reloaded assembly
- Completed reload, in  1.123 seconds
Domain Reload Profiling:
	ReloadAssembly (1123ms)
		BeginReloadAssembly (131ms)
			ExecutionOrderSort (0ms)
			DisableScriptedObjects (4ms)
			BackupInstance (0ms)
			ReleaseScriptingObjects (0ms)
			CreateAndSetChildDomain (46ms)
		EndReloadAssembly (938ms)
			LoadAssemblies (123ms)
			RebuildTransferFunctionScriptingTraits (0ms)
			SetupTypeCache (293ms)
			ReleaseScriptCaches (2ms)
			RebuildScriptCaches (54ms)
			SetupLoadedEditorAssemblies (367ms)
				LogAssemblyErrors (1ms)
				InitializePlatformSupportModulesInManaged (4ms)
				SetLoadedEditorAssemblies (0ms)
				RefreshPlugins (1ms)
				BeforeProcessingInitializeOnLoad (85ms)
				ProcessInitializeOnLoadAttributes (256ms)
				ProcessInitializeOnLoadMethodAttributes (13ms)
				AfterProcessingInitializeOnLoad (6ms)
				EditorAssembliesLoaded (0ms)
			ExecutionOrderSort2 (0ms)
			AwakeInstancesAfterBackupRestoration (7ms)
Platform modules already initialized, skipping
Switching build target platform(19) subTarget(0) extendedPlatform(0) -> platform(9) subTarget(16777218) extendedPlatform(0)
Refreshing native plugins compatible for Editor in 1.00 ms, found 3 plugins.
Preloading 0 native plugins for Editor in 0.00 ms.
Unloading 3390 Unused Serialized files (Serialized files now loaded: 0)
System memory in use before: 140.4 MB.
System memory in use after: 140.6 MB.

Unloading 48 unused Assets to reduce memory usage. Loaded Objects now: 3893.
Total: 3.677300 ms (FindLiveObjects: 0.350600 ms CreateObjectMapping: 0.462900 ms MarkObjects: 2.828300 ms  DeleteObjects: 0.034200 ms)

AssetImportParameters requested are different than current active one (requested -> active):
  custom:framework-win-MediaFoundation: 216162199b28c13a410421893ffa2e32 -> 
  custom:video-decoder-ogg-theora: a1e56fd34408186e4bbccfd4996cb3dc -> 
  custom:container-muxer-webm: aa71ff27fc2769a1b78a27578f13a17b -> 
  custom:container-demuxer-webm: 4f35f7cbe854078d1ac9338744f61a02 -> 
  custom:container-demuxer-ogg: 62fdf1f143b41e24485cea50d1cbac27 -> 
  custom:video-encoder-webm-vp8: eb34c28f22e8b96e1ab97ce403110664 -> 
  custom:video-codec-MediaFoundation-h265: 746d11721c4dcdbdad8f713fa42b33f4 -> 
  custom:video-decoder-webm-vp8: 9c59270c3fd7afecdb556c50c9e8de78 -> 
  custom:graphics/normal-map-encoding: 01000000000000000000000000000000 -> 02000000000000000000000000000000
  custom:audio-decoder-ogg-vorbis: bf7c407c2cedff20999df2af8eb42d56 -> 
  custom:audio-encoder-webm-vorbis: bf7c407c2cedff20999df2af8eb42d56 -> 
========================================================================
Received Prepare
Registering precompiled user dll's ...
Registered in 0.016904 seconds.
Begin MonoManager ReloadAssembly
Error: Could not load signature of iOSNotificationPostProcessor:ShouldAddSettingToPlist due to: Could not load file or assembly 'UnityEditor.iOS.Extensions.Xcode, Version=1.0.0.0, Culture=neutral, PublicKeyToken=null' or one of its dependencies. assembly:UnityEditor.iOS.Extensions.Xcode, Version=1.0.0.0, Culture=neutral, PublicKeyToken=null type:<unknown type> member:(null) signature:<none>
0x00007ff6aa0fab2c (Unity) StackWalker::GetCurrentCallstack
0x00007ff6aa101f29 (Unity) StackWalker::ShowCallstack
0x00007ff6aae6103c (Unity) GetStacktrace
0x00007ff6ab8ab2a3 (Unity) DebugStringToFile
0x00007ff6a9fec5db (Unity) ScanForAttributesAndInterfaceImplementations
0x00007ff6aa0126b3 (Unity) MonoManager::SetupTypeCache
0x00007ff6aa008be3 (Unity) MonoManager::EndReloadAssembly
0x00007ff6aa010057 (Unity) MonoManager::ReloadAssembly
0x00007ff6aad10e41 (Unity) LoadDomainAndUserAssemblies
0x00007ff6aad114a9 (Unity) LoadUserAssemblies
0x00007ff6aaf47118 (Unity) <lambda_b7fd2194c9d98d5c5f8d87939b09ad6c>::operator()
0x00007ff6aafce2f2 (Unity) asio::detail::completion_handler<core::mutable_function<void __cdecl(void)> >::do_complete
0x00007ff6aafd0450 (Unity) asio::detail::win_iocp_io_service::do_one
0x00007ff6aafd3bce (Unity) asio::io_service::run
0x00007ff6aaf6f8db (Unity) RunAssetImportWorkerClientV2
0x00007ff6aaf6f930 (Unity) RunAssetImporterV2
0x00007ff6aaa15b49 (Unity) Application::InitializeProject
0x00007ff6aae6b4f2 (Unity) WinMain
0x00007ff6ac4fbd4e (Unity) __scrt_common_main_seh
0x00007ffcf3ee26ad (KERNEL32) BaseThreadInitThunk
0x00007ffcf56aa9f8 (ntdll) RtlUserThreadStart

Unloading broken assembly Library/ScriptAssemblies/Unity.Notifications.dll, this assembly can cause crashes in the runtime
0x00007ff6aa0fab2c (Unity) StackWalker::GetCurrentCallstack
0x00007ff6aa101f29 (Unity) StackWalker::ShowCallstack
0x00007ff6aae6103c (Unity) GetStacktrace
0x00007ff6ab8ab2a3 (Unity) DebugStringToFile
0x00007ff6aa011e95 (Unity) MonoManager::SetupLoadedEditorAssemblies
0x00007ff6aa008f71 (Unity) MonoManager::EndReloadAssembly
0x00007ff6aa010057 (Unity) MonoManager::ReloadAssembly
0x00007ff6aad10e41 (Unity) LoadDomainAndUserAssemblies
0x00007ff6aad114a9 (Unity) LoadUserAssemblies
0x00007ff6aaf47118 (Unity) <lambda_b7fd2194c9d98d5c5f8d87939b09ad6c>::operator()
0x00007ff6aafce2f2 (Unity) asio::detail::completion_handler<core::mutable_function<void __cdecl(void)> >::do_complete
0x00007ff6aafd0450 (Unity) asio::detail::win_iocp_io_service::do_one
0x00007ff6aafd3bce (Unity) asio::io_service::run
0x00007ff6aaf6f8db (Unity) RunAssetImportWorkerClientV2
0x00007ff6aaf6f930 (Unity) RunAssetImporterV2
0x00007ff6aaa15b49 (Unity) Application::InitializeProject
0x00007ff6aae6b4f2 (Unity) WinMain
0x00007ff6ac4fbd4e (Unity) __scrt_common_main_seh
0x00007ffcf3ee26ad (KERNEL32) BaseThreadInitThunk
0x00007ffcf56aa9f8 (ntdll) RtlUserThreadStart

Native extension for WindowsStandalone target not found
Refreshing native plugins compatible for Editor in 0.88 ms, found 3 plugins.
Preloading 0 native plugins for Editor in 0.00 ms.
Mono: successfully reloaded assembly
- Completed reload, in  0.944 seconds
Domain Reload Profiling:
	ReloadAssembly (945ms)
		BeginReloadAssembly (107ms)
			ExecutionOrderSort (0ms)
			DisableScriptedObjects (5ms)
			BackupInstance (0ms)
			ReleaseScriptingObjects (0ms)
			CreateAndSetChildDomain (33ms)
		EndReloadAssembly (783ms)
			LoadAssemblies (106ms)
			RebuildTransferFunctionScriptingTraits (0ms)
			SetupTypeCache (274ms)
			ReleaseScriptCaches (1ms)
			RebuildScriptCaches (37ms)
			SetupLoadedEditorAssemblies (283ms)
				LogAssemblyErrors (1ms)
				InitializePlatformSupportModulesInManaged (3ms)
				SetLoadedEditorAssemblies (0ms)
				RefreshPlugins (1ms)
				BeforeProcessingInitializeOnLoad (63ms)
				ProcessInitializeOnLoadAttributes (202ms)
				ProcessInitializeOnLoadMethodAttributes (8ms)
				AfterProcessingInitializeOnLoad (4ms)
				EditorAssembliesLoaded (0ms)
			ExecutionOrderSort2 (0ms)
			AwakeInstancesAfterBackupRestoration (7ms)
Platform modules already initialized, skipping
Switching build target platform(19) subTarget(0) extendedPlatform(0) -> platform(9) subTarget(16777218) extendedPlatform(0)
Refreshing native plugins compatible for Editor in 0.81 ms, found 3 plugins.
Preloading 0 native plugins for Editor in 0.00 ms.
Unloading 3390 Unused Serialized files (Serialized files now loaded: 0)
System memory in use before: 140.4 MB.
System memory in use after: 140.7 MB.

Unloading 48 unused Assets to reduce memory usage. Loaded Objects now: 3895.
Total: 3.323300 ms (FindLiveObjects: 0.209600 ms CreateObjectMapping: 0.237200 ms MarkObjects: 2.837800 ms  DeleteObjects: 0.037600 ms)

AssetImportParameters requested are different than current active one (requested -> active):
  custom:framework-win-MediaFoundation: 216162199b28c13a410421893ffa2e32 -> 
  custom:video-decoder-ogg-theora: a1e56fd34408186e4bbccfd4996cb3dc -> 
  custom:container-muxer-webm: aa71ff27fc2769a1b78a27578f13a17b -> 
  custom:container-demuxer-webm: 4f35f7cbe854078d1ac9338744f61a02 -> 
  custom:container-demuxer-ogg: 62fdf1f143b41e24485cea50d1cbac27 -> 
  custom:video-encoder-webm-vp8: eb34c28f22e8b96e1ab97ce403110664 -> 
  custom:video-codec-MediaFoundation-h265: 746d11721c4dcdbdad8f713fa42b33f4 -> 
  custom:video-decoder-webm-vp8: 9c59270c3fd7afecdb556c50c9e8de78 -> 
  custom:graphics/normal-map-encoding: 01000000000000000000000000000000 -> 02000000000000000000000000000000
  custom:audio-decoder-ogg-vorbis: bf7c407c2cedff20999df2af8eb42d56 -> 
  custom:audio-encoder-webm-vorbis: bf7c407c2cedff20999df2af8eb42d56 -> 
AssetImportWorkerClient::OnTransportError - code=2 error=End of file
